<?xml version="1.0" encoding="utf-8"?>
<testsuites tests="1" errors="0" failures="1" disabled="0" time="0">
  <testsuite name="junit_non_ascii" tests="1" errors="0" failures="1" skipped="0" disabled="0" time="0">
    <testcase name="junit_non_ascii:3:0" classname="pylint" file="junit_non_ascii.py" line="3" class="warning">
      <failure type="warning" message="unused-import">W0611:Unused import os
junit_non_ascii.py:3:0:import os  # g&#226;teau &#127856;</failure>
      <system-out>junit_non_ascii.py:3:0:import os  # g&#226;teau &#127856;</system-out>
      <system-err>W0611:Unused import os
junit_non_ascii.py:3:0:import os  # g&#226;teau &#127856;</system-err>
    </testcase>
  </testsuite>
</testsuites>
